
[2026-02-12T11:45:44.340Z]
METHOD: GET
URL: /api/banking/accounts
MESSAGE: bankingModel is not defined
STACK: ReferenceError: bankingModel is not defined
    at exports.getMyAccounts (C:\Users\h\Desktop\Recharge_backend\src\controllers\banking.controller.js:38:22)
    at Layer.handleRequest (C:\Users\h\Desktop\Recharge_backend\node_modules\router\lib\layer.js:152:17)
    at next (C:\Users\h\Desktop\Recharge_backend\node_modules\router\lib\route.js:157:13)
    at module.exports (C:\Users\h\Desktop\Recharge_backend\src\middlewares\auth.middleware.js:22:5)
    at Layer.handleRequest (C:\Users\h\Desktop\Recharge_backend\node_modules\router\lib\layer.js:152:17)
    at next (C:\Users\h\Desktop\Recharge_backend\node_modules\router\lib\route.js:157:13)
    at Route.dispatch (C:\Users\h\Desktop\Recharge_backend\node_modules\router\lib\route.js:117:3)
    at handle (C:\Users\h\Desktop\Recharge_backend\node_modules\router\index.js:435:11)
    at Layer.handleRequest (C:\Users\h\Desktop\Recharge_backend\node_modules\router\lib\layer.js:152:17)
    at C:\Users\h\Desktop\Recharge_backend\node_modules\router\index.js:295:15
----------------------------------

[2026-02-16T05:55:12.853Z]
METHOD: POST
URL: /api/banking/seed-banks
MESSAGE: Unexpected end of JSON input
STACK: SyntaxError: Unexpected end of JSON input
    at JSON.parse (<anonymous>)
    at createStrictSyntaxError (E:\WorknAI\PayIndiastudio_App\Recharge_backend\node_modules\body-parser\lib\types\json.js:109:10)
    at parse (E:\WorknAI\PayIndiastudio_App\Recharge_backend\node_modules\body-parser\lib\types\json.js:66:15)
    at E:\WorknAI\PayIndiastudio_App\Recharge_backend\node_modules\body-parser\lib\read.js:162:18
    at AsyncResource.runInAsyncScope (node:async_hooks:214:14)
    at invokeCallback (E:\WorknAI\PayIndiastudio_App\Recharge_backend\node_modules\raw-body\index.js:238:16)
    at done (E:\WorknAI\PayIndiastudio_App\Recharge_backend\node_modules\raw-body\index.js:227:7)
    at IncomingMessage.onEnd (E:\WorknAI\PayIndiastudio_App\Recharge_backend\node_modules\raw-body\index.js:287:7)
    at IncomingMessage.emit (node:events:518:28)
    at endReadableNT (node:internal/streams/readable:1698:12)
----------------------------------

[2026-02-17T06:19:29.334Z]
METHOD: POST
URL: /api/bill/pay
MESSAGE: pool is not defined
STACK: ReferenceError: pool is not defined
    at exports.payBill (E:\WorknAI\PayIndiastudio_App\Recharge_backend\src\controllers\bill.controller.js:37:16)
    at Layer.handleRequest (E:\WorknAI\PayIndiastudio_App\Recharge_backend\node_modules\router\lib\layer.js:152:17)
    at next (E:\WorknAI\PayIndiastudio_App\Recharge_backend\node_modules\router\lib\route.js:157:13)
    at module.exports (E:\WorknAI\PayIndiastudio_App\Recharge_backend\src\middlewares\auth.middleware.js:22:5)
    at Layer.handleRequest (E:\WorknAI\PayIndiastudio_App\Recharge_backend\node_modules\router\lib\layer.js:152:17)
    at next (E:\WorknAI\PayIndiastudio_App\Recharge_backend\node_modules\router\lib\route.js:157:13)
    at Route.dispatch (E:\WorknAI\PayIndiastudio_App\Recharge_backend\node_modules\router\lib\route.js:117:3)
    at handle (E:\WorknAI\PayIndiastudio_App\Recharge_backend\node_modules\router\index.js:435:11)
    at Layer.handleRequest (E:\WorknAI\PayIndiastudio_App\Recharge_backend\node_modules\router\lib\layer.js:152:17)
    at E:\WorknAI\PayIndiastudio_App\Recharge_backend\node_modules\router\index.js:295:15
----------------------------------

[2026-02-18T06:25:16.138Z]
METHOD: POST
URL: /api/eseva/apply
MESSAGE: Table 'payindia_studio.eseva_applications' doesn't exist
STACK: Error: Table 'payindia_studio.eseva_applications' doesn't exist
    at PromisePool.query (E:\WorknAI\PayIndiastudio_App\Recharge_backend\node_modules\mysql2\lib\promise\pool.js:36:22)
    at exports.createApplication (E:\WorknAI\PayIndiastudio_App\Recharge_backend\src\models\eseva.model.js:8:33)
    at exports.submitApplication (E:\WorknAI\PayIndiastudio_App\Recharge_backend\src\controllers\eseva.controller.js:14:48)
    at Layer.handleRequest (E:\WorknAI\PayIndiastudio_App\Recharge_backend\node_modules\router\lib\layer.js:152:17)
    at next (E:\WorknAI\PayIndiastudio_App\Recharge_backend\node_modules\router\lib\route.js:157:13)
    at done (E:\WorknAI\PayIndiastudio_App\Recharge_backend\node_modules\multer\lib\make-middleware.js:59:7)
    at indicateDone (E:\WorknAI\PayIndiastudio_App\Recharge_backend\node_modules\multer\lib\make-middleware.js:63:68)
    at Multipart.<anonymous> (E:\WorknAI\PayIndiastudio_App\Recharge_backend\node_modules\multer\lib\make-middleware.js:187:7)
    at Multipart.emit (node:events:518:28)
    at emitCloseNT (node:internal/streams/destroy:148:10)
----------------------------------

[2026-02-19T05:37:36.566Z]
METHOD: PUT
URL: /api/pan/process/1
MESSAGE: Cannot destructure property 'remarks' of 'req.body' as it is undefined.
STACK: TypeError: Cannot destructure property 'remarks' of 'req.body' as it is undefined.
    at exports.processApplication (E:\WorknAI\PayIndiastudio_App\Recharge_backend\src\controllers\pan.controller.js:76:17)
    at Layer.handleRequest (E:\WorknAI\PayIndiastudio_App\Recharge_backend\node_modules\router\lib\layer.js:152:17)
    at next (E:\WorknAI\PayIndiastudio_App\Recharge_backend\node_modules\router\lib\route.js:157:13)
    at Route.dispatch (E:\WorknAI\PayIndiastudio_App\Recharge_backend\node_modules\router\lib\route.js:117:3)
    at handle (E:\WorknAI\PayIndiastudio_App\Recharge_backend\node_modules\router\index.js:435:11)
    at Layer.handleRequest (E:\WorknAI\PayIndiastudio_App\Recharge_backend\node_modules\router\lib\layer.js:152:17)
    at E:\WorknAI\PayIndiastudio_App\Recharge_backend\node_modules\router\index.js:295:15
    at param (E:\WorknAI\PayIndiastudio_App\Recharge_backend\node_modules\router\index.js:600:14)
    at param (E:\WorknAI\PayIndiastudio_App\Recharge_backend\node_modules\router\index.js:610:14)
    at processParams (E:\WorknAI\PayIndiastudio_App\Recharge_backend\node_modules\router\index.js:664:3)
----------------------------------

[2026-03-06T06:05:38.719Z]
METHOD: POST
URL: /api/certificate/income/apply
MESSAGE: Column 'gender' cannot be null
STACK: Error: Column 'gender' cannot be null
    at PromisePool.query (E:\WorknAI\PayIndiastudio_App\Recharge_backend\node_modules\mysql2\lib\promise\pool.js:36:22)
    at exports.create (E:\WorknAI\PayIndiastudio_App\Recharge_backend\src\models\income.model.js:37:33)
    at exports.createApplication (E:\WorknAI\PayIndiastudio_App\Recharge_backend\src\controllers\income.controller.js:74:49)
    at Layer.handleRequest (E:\WorknAI\PayIndiastudio_App\Recharge_backend\node_modules\router\lib\layer.js:152:17)
    at next (E:\WorknAI\PayIndiastudio_App\Recharge_backend\node_modules\router\lib\route.js:157:13)
    at done (E:\WorknAI\PayIndiastudio_App\Recharge_backend\node_modules\multer\lib\make-middleware.js:59:7)
    at indicateDone (E:\WorknAI\PayIndiastudio_App\Recharge_backend\node_modules\multer\lib\make-middleware.js:63:68)
    at E:\WorknAI\PayIndiastudio_App\Recharge_backend\node_modules\multer\lib\make-middleware.js:176:11
    at WriteStream.<anonymous> (E:\WorknAI\PayIndiastudio_App\Recharge_backend\node_modules\multer\storage\disk.js:43:9)
    at WriteStream.emit (node:events:530:35)
----------------------------------

[2026-03-06T06:05:38.746Z]
METHOD: POST
URL: /api/certificate/income/apply
MESSAGE: Column 'gender' cannot be null
STACK: Error: Column 'gender' cannot be null
    at PromisePool.query (E:\WorknAI\PayIndiastudio_App\Recharge_backend\node_modules\mysql2\lib\promise\pool.js:36:22)
    at exports.create (E:\WorknAI\PayIndiastudio_App\Recharge_backend\src\models\income.model.js:37:33)
    at exports.createApplication (E:\WorknAI\PayIndiastudio_App\Recharge_backend\src\controllers\income.controller.js:74:49)
    at Layer.handleRequest (E:\WorknAI\PayIndiastudio_App\Recharge_backend\node_modules\router\lib\layer.js:152:17)
    at next (E:\WorknAI\PayIndiastudio_App\Recharge_backend\node_modules\router\lib\route.js:157:13)
    at done (E:\WorknAI\PayIndiastudio_App\Recharge_backend\node_modules\multer\lib\make-middleware.js:59:7)
    at indicateDone (E:\WorknAI\PayIndiastudio_App\Recharge_backend\node_modules\multer\lib\make-middleware.js:63:68)
    at E:\WorknAI\PayIndiastudio_App\Recharge_backend\node_modules\multer\lib\make-middleware.js:176:11
    at WriteStream.<anonymous> (E:\WorknAI\PayIndiastudio_App\Recharge_backend\node_modules\multer\storage\disk.js:43:9)
    at WriteStream.emit (node:events:530:35)
----------------------------------

[2026-03-17T06:57:11.828Z]
METHOD: GET
URL: /api/track/PAN123
MESSAGE: Unknown column 'pa.reference_id' in 'where clause'
STACK: Error: Unknown column 'pa.reference_id' in 'where clause'
    at PromisePool.query (C:\Users\Admin\Desktop\PayIndia_studio_App\Recharge_backend\node_modules\mysql2\lib\promise\pool.js:36:22)
    at exports.getByReferenceId (C:\Users\Admin\Desktop\PayIndia_studio_App\Recharge_backend\src\models\pan.model.js:102:31)
    at exports.trackStatus (C:\Users\Admin\Desktop\PayIndia_studio_App\Recharge_backend\src\controllers\track.controller.js:37:42)
    at Layer.handleRequest (C:\Users\Admin\Desktop\PayIndia_studio_App\Recharge_backend\node_modules\router\lib\layer.js:152:17)
    at next (C:\Users\Admin\Desktop\PayIndia_studio_App\Recharge_backend\node_modules\router\lib\route.js:157:13)
    at module.exports (C:\Users\Admin\Desktop\PayIndia_studio_App\Recharge_backend\src\middlewares\auth.middleware.js:22:5)
    at Layer.handleRequest (C:\Users\Admin\Desktop\PayIndia_studio_App\Recharge_backend\node_modules\router\lib\layer.js:152:17)
    at next (C:\Users\Admin\Desktop\PayIndia_studio_App\Recharge_backend\node_modules\router\lib\route.js:157:13)
    at Route.dispatch (C:\Users\Admin\Desktop\PayIndia_studio_App\Recharge_backend\node_modules\router\lib\route.js:117:3)
    at handle (C:\Users\Admin\Desktop\PayIndia_studio_App\Recharge_backend\node_modules\router\index.js:435:11)
----------------------------------

[2026-03-17T06:59:03.912Z]
METHOD: GET
URL: /api/track/PAN24LXKUJVU
MESSAGE: Unknown column 'pa.reference_id' in 'where clause'
STACK: Error: Unknown column 'pa.reference_id' in 'where clause'
    at PromisePool.query (C:\Users\Admin\Desktop\PayIndia_studio_App\Recharge_backend\node_modules\mysql2\lib\promise\pool.js:36:22)
    at exports.getByReferenceId (C:\Users\Admin\Desktop\PayIndia_studio_App\Recharge_backend\src\models\pan.model.js:102:31)
    at exports.trackStatus (C:\Users\Admin\Desktop\PayIndia_studio_App\Recharge_backend\src\controllers\track.controller.js:37:42)
    at Layer.handleRequest (C:\Users\Admin\Desktop\PayIndia_studio_App\Recharge_backend\node_modules\router\lib\layer.js:152:17)
    at next (C:\Users\Admin\Desktop\PayIndia_studio_App\Recharge_backend\node_modules\router\lib\route.js:157:13)
    at module.exports (C:\Users\Admin\Desktop\PayIndia_studio_App\Recharge_backend\src\middlewares\auth.middleware.js:22:5)
    at Layer.handleRequest (C:\Users\Admin\Desktop\PayIndia_studio_App\Recharge_backend\node_modules\router\lib\layer.js:152:17)
    at next (C:\Users\Admin\Desktop\PayIndia_studio_App\Recharge_backend\node_modules\router\lib\route.js:157:13)
    at Route.dispatch (C:\Users\Admin\Desktop\PayIndia_studio_App\Recharge_backend\node_modules\router\lib\route.js:117:3)
    at handle (C:\Users\Admin\Desktop\PayIndia_studio_App\Recharge_backend\node_modules\router\index.js:435:11)
----------------------------------

[2026-03-17T06:59:16.541Z]
METHOD: GET
URL: /api/track/PAN123
MESSAGE: Unknown column 'pa.reference_id' in 'where clause'
STACK: Error: Unknown column 'pa.reference_id' in 'where clause'
    at PromisePool.query (C:\Users\Admin\Desktop\PayIndia_studio_App\Recharge_backend\node_modules\mysql2\lib\promise\pool.js:36:22)
    at exports.getByReferenceId (C:\Users\Admin\Desktop\PayIndia_studio_App\Recharge_backend\src\models\pan.model.js:102:31)
    at exports.trackStatus (C:\Users\Admin\Desktop\PayIndia_studio_App\Recharge_backend\src\controllers\track.controller.js:37:42)
    at Layer.handleRequest (C:\Users\Admin\Desktop\PayIndia_studio_App\Recharge_backend\node_modules\router\lib\layer.js:152:17)
    at next (C:\Users\Admin\Desktop\PayIndia_studio_App\Recharge_backend\node_modules\router\lib\route.js:157:13)
    at module.exports (C:\Users\Admin\Desktop\PayIndia_studio_App\Recharge_backend\src\middlewares\auth.middleware.js:22:5)
    at Layer.handleRequest (C:\Users\Admin\Desktop\PayIndia_studio_App\Recharge_backend\node_modules\router\lib\layer.js:152:17)
    at next (C:\Users\Admin\Desktop\PayIndia_studio_App\Recharge_backend\node_modules\router\lib\route.js:157:13)
    at Route.dispatch (C:\Users\Admin\Desktop\PayIndia_studio_App\Recharge_backend\node_modules\router\lib\route.js:117:3)
    at handle (C:\Users\Admin\Desktop\PayIndia_studio_App\Recharge_backend\node_modules\router\index.js:435:11)
----------------------------------

[2026-03-17T07:15:35.567Z]
METHOD: POST
URL: /api/aadhar/enroll
MESSAGE: ENOENT: no such file or directory, open 'C:\Users\Admin\Desktop\PayIndia_studio_App\Recharge_backend\src\uploads\aadhar\birth_certificate-1773731735560-870062193.jpeg'
STACK: Error: ENOENT: no such file or directory, open 'C:\Users\Admin\Desktop\PayIndia_studio_App\Recharge_backend\src\uploads\aadhar\birth_certificate-1773731735560-870062193.jpeg'
----------------------------------

[2026-03-17T07:22:27.765Z]
METHOD: POST
URL: /api/aadhar/enroll
MESSAGE: Unknown column 'birth_certificate_url' in 'field list'
STACK: Error: Unknown column 'birth_certificate_url' in 'field list'
    at PromisePool.query (C:\Users\Admin\Desktop\PayIndia_studio_App\Recharge_backend\node_modules\mysql2\lib\promise\pool.js:36:22)
    at exports.create (C:\Users\Admin\Desktop\PayIndia_studio_App\Recharge_backend\src\models\aadhar.model.js:25:33)
    at exports.createEnrollment (C:\Users\Admin\Desktop\PayIndia_studio_App\Recharge_backend\src\controllers\aadhar.controller.js:16:48)
    at Layer.handleRequest (C:\Users\Admin\Desktop\PayIndia_studio_App\Recharge_backend\node_modules\router\lib\layer.js:152:17)
    at next (C:\Users\Admin\Desktop\PayIndia_studio_App\Recharge_backend\node_modules\router\lib\route.js:157:13)
    at done (C:\Users\Admin\Desktop\PayIndia_studio_App\Recharge_backend\node_modules\multer\lib\make-middleware.js:59:7)
    at indicateDone (C:\Users\Admin\Desktop\PayIndia_studio_App\Recharge_backend\node_modules\multer\lib\make-middleware.js:63:68)
    at Multipart.<anonymous> (C:\Users\Admin\Desktop\PayIndia_studio_App\Recharge_backend\node_modules\multer\lib\make-middleware.js:187:7)
    at Multipart.emit (node:events:508:28)
    at emitCloseNT (node:internal/streams/destroy:148:10)
----------------------------------

[2026-03-17T07:22:51.872Z]
METHOD: POST
URL: /api/aadhar/enroll
MESSAGE: Unknown column 'birth_certificate_url' in 'field list'
STACK: Error: Unknown column 'birth_certificate_url' in 'field list'
    at PromisePool.query (C:\Users\Admin\Desktop\PayIndia_studio_App\Recharge_backend\node_modules\mysql2\lib\promise\pool.js:36:22)
    at exports.create (C:\Users\Admin\Desktop\PayIndia_studio_App\Recharge_backend\src\models\aadhar.model.js:25:33)
    at exports.createEnrollment (C:\Users\Admin\Desktop\PayIndia_studio_App\Recharge_backend\src\controllers\aadhar.controller.js:16:48)
    at Layer.handleRequest (C:\Users\Admin\Desktop\PayIndia_studio_App\Recharge_backend\node_modules\router\lib\layer.js:152:17)
    at next (C:\Users\Admin\Desktop\PayIndia_studio_App\Recharge_backend\node_modules\router\lib\route.js:157:13)
    at done (C:\Users\Admin\Desktop\PayIndia_studio_App\Recharge_backend\node_modules\multer\lib\make-middleware.js:59:7)
    at indicateDone (C:\Users\Admin\Desktop\PayIndia_studio_App\Recharge_backend\node_modules\multer\lib\make-middleware.js:63:68)
    at C:\Users\Admin\Desktop\PayIndia_studio_App\Recharge_backend\node_modules\multer\lib\make-middleware.js:176:11
    at WriteStream.<anonymous> (C:\Users\Admin\Desktop\PayIndia_studio_App\Recharge_backend\node_modules\multer\storage\disk.js:43:9)
    at WriteStream.emit (node:events:520:35)
----------------------------------

[2026-03-17T07:28:20.836Z]
METHOD: POST
URL: /api/aadhar/correction/submit
MESSAGE: Table 'payindia_studio.aadhar_corrections' doesn't exist
STACK: Error: Table 'payindia_studio.aadhar_corrections' doesn't exist
    at PromisePool.query (C:\Users\Admin\Desktop\PayIndia_studio_App\Recharge_backend\node_modules\mysql2\lib\promise\pool.js:36:22)
    at exports.createCorrection (C:\Users\Admin\Desktop\PayIndia_studio_App\Recharge_backend\src\models\aadhar.model.js:139:33)
    at exports.submitCorrection (C:\Users\Admin\Desktop\PayIndia_studio_App\Recharge_backend\src\controllers\aadhar.controller.js:184:48)
    at Layer.handleRequest (C:\Users\Admin\Desktop\PayIndia_studio_App\Recharge_backend\node_modules\router\lib\layer.js:152:17)
    at next (C:\Users\Admin\Desktop\PayIndia_studio_App\Recharge_backend\node_modules\router\lib\route.js:157:13)
    at done (C:\Users\Admin\Desktop\PayIndia_studio_App\Recharge_backend\node_modules\multer\lib\make-middleware.js:59:7)
    at indicateDone (C:\Users\Admin\Desktop\PayIndia_studio_App\Recharge_backend\node_modules\multer\lib\make-middleware.js:63:68)
    at C:\Users\Admin\Desktop\PayIndia_studio_App\Recharge_backend\node_modules\multer\lib\make-middleware.js:176:11
    at WriteStream.<anonymous> (C:\Users\Admin\Desktop\PayIndia_studio_App\Recharge_backend\node_modules\multer\storage\disk.js:43:9)
    at WriteStream.emit (node:events:520:35)
----------------------------------

[2026-03-18T05:42:27.220Z]
METHOD: POST
URL: /api/pan/correction/submit
MESSAGE: Unknown column 'corrected_father_name' in 'field list'
STACK: Error: Unknown column 'corrected_father_name' in 'field list'
    at PromisePool.query (C:\Users\Admin\Desktop\PayIndia_studio_App\Recharge_backend\node_modules\mysql2\lib\promise\pool.js:36:22)
    at exports.createCorrection (C:\Users\Admin\Desktop\PayIndia_studio_App\Recharge_backend\src\models\pan.model.js:193:33)
    at exports.submitCorrection (C:\Users\Admin\Desktop\PayIndia_studio_App\Recharge_backend\src\controllers\pan.controller.js:260:45)
    at Layer.handleRequest (C:\Users\Admin\Desktop\PayIndia_studio_App\Recharge_backend\node_modules\router\lib\layer.js:152:17)
    at next (C:\Users\Admin\Desktop\PayIndia_studio_App\Recharge_backend\node_modules\router\lib\route.js:157:13)
    at done (C:\Users\Admin\Desktop\PayIndia_studio_App\Recharge_backend\node_modules\multer\lib\make-middleware.js:59:7)
    at indicateDone (C:\Users\Admin\Desktop\PayIndia_studio_App\Recharge_backend\node_modules\multer\lib\make-middleware.js:63:68)
    at C:\Users\Admin\Desktop\PayIndia_studio_App\Recharge_backend\node_modules\multer\lib\make-middleware.js:176:11
    at WriteStream.<anonymous> (C:\Users\Admin\Desktop\PayIndia_studio_App\Recharge_backend\node_modules\multer\storage\disk.js:43:9)
    at WriteStream.emit (node:events:520:35)
----------------------------------

[2026-03-18T06:35:09.458Z]
METHOD: POST
URL: /api/business/udyam/correction/submit
MESSAGE: Cannot read properties of undefined (reading 'path')
STACK: TypeError: Cannot read properties of undefined (reading 'path')
    at C:\Users\Admin\Desktop\PayIndia_studio_App\Recharge_backend\src\controllers\udyam.controller.js:176:107
    at Array.forEach (<anonymous>)
    at exports.submitCorrection (C:\Users\Admin\Desktop\PayIndia_studio_App\Recharge_backend\src\controllers\udyam.controller.js:174:28)
    at process.processTicksAndRejections (node:internal/process/task_queues:103:5)
----------------------------------

[2026-03-18T06:35:13.984Z]
METHOD: POST
URL: /api/business/udyam/correction/submit
MESSAGE: Cannot read properties of undefined (reading 'path')
STACK: TypeError: Cannot read properties of undefined (reading 'path')
    at C:\Users\Admin\Desktop\PayIndia_studio_App\Recharge_backend\src\controllers\udyam.controller.js:176:107
    at Array.forEach (<anonymous>)
    at exports.submitCorrection (C:\Users\Admin\Desktop\PayIndia_studio_App\Recharge_backend\src\controllers\udyam.controller.js:174:28)
    at process.processTicksAndRejections (node:internal/process/task_queues:103:5)
----------------------------------

[2026-03-18T07:24:01.336Z]
METHOD: POST
URL: /api/certificate/income/apply
MESSAGE: Column 'user_id' cannot be null
STACK: Error: Column 'user_id' cannot be null
    at PromisePool.query (C:\Users\Admin\Desktop\PayIndia_studio_App\Recharge_backend\node_modules\mysql2\lib\promise\pool.js:36:22)
    at exports.create (C:\Users\Admin\Desktop\PayIndia_studio_App\Recharge_backend\src\models\income.model.js:44:33)
    at exports.createApplication (C:\Users\Admin\Desktop\PayIndia_studio_App\Recharge_backend\src\controllers\income.controller.js:93:49)
    at Layer.handleRequest (C:\Users\Admin\Desktop\PayIndia_studio_App\Recharge_backend\node_modules\router\lib\layer.js:152:17)
    at next (C:\Users\Admin\Desktop\PayIndia_studio_App\Recharge_backend\node_modules\router\lib\route.js:157:13)
    at done (C:\Users\Admin\Desktop\PayIndia_studio_App\Recharge_backend\node_modules\multer\lib\make-middleware.js:59:7)
    at indicateDone (C:\Users\Admin\Desktop\PayIndia_studio_App\Recharge_backend\node_modules\multer\lib\make-middleware.js:63:68)
    at C:\Users\Admin\Desktop\PayIndia_studio_App\Recharge_backend\node_modules\multer\lib\make-middleware.js:176:11
    at WriteStream.<anonymous> (C:\Users\Admin\Desktop\PayIndia_studio_App\Recharge_backend\node_modules\multer\storage\disk.js:43:9)
    at WriteStream.emit (node:events:520:35)
----------------------------------

[2026-03-18T07:24:13.125Z]
METHOD: POST
URL: /api/certificate/income/apply
MESSAGE: Column 'user_id' cannot be null
STACK: Error: Column 'user_id' cannot be null
    at PromisePool.query (C:\Users\Admin\Desktop\PayIndia_studio_App\Recharge_backend\node_modules\mysql2\lib\promise\pool.js:36:22)
    at exports.create (C:\Users\Admin\Desktop\PayIndia_studio_App\Recharge_backend\src\models\income.model.js:44:33)
    at exports.createApplication (C:\Users\Admin\Desktop\PayIndia_studio_App\Recharge_backend\src\controllers\income.controller.js:93:49)
    at Layer.handleRequest (C:\Users\Admin\Desktop\PayIndia_studio_App\Recharge_backend\node_modules\router\lib\layer.js:152:17)
    at next (C:\Users\Admin\Desktop\PayIndia_studio_App\Recharge_backend\node_modules\router\lib\route.js:157:13)
    at done (C:\Users\Admin\Desktop\PayIndia_studio_App\Recharge_backend\node_modules\multer\lib\make-middleware.js:59:7)
    at indicateDone (C:\Users\Admin\Desktop\PayIndia_studio_App\Recharge_backend\node_modules\multer\lib\make-middleware.js:63:68)
    at C:\Users\Admin\Desktop\PayIndia_studio_App\Recharge_backend\node_modules\multer\lib\make-middleware.js:176:11
    at WriteStream.<anonymous> (C:\Users\Admin\Desktop\PayIndia_studio_App\Recharge_backend\node_modules\multer\storage\disk.js:43:9)
    at WriteStream.emit (node:events:520:35)
----------------------------------

[2026-03-23T04:48:15.814Z]
METHOD: POST
URL: /api/voter/correction/submit
MESSAGE: Unknown column 'corrected_name' in 'field list'
STACK: Error: Unknown column 'corrected_name' in 'field list'
    at PromisePool.query (C:\Users\Admin\Desktop\PayIndia_studio_App\Recharge_backend\node_modules\mysql2\lib\promise\pool.js:36:22)
    at exports.createCorrection (C:\Users\Admin\Desktop\PayIndia_studio_App\Recharge_backend\src\models\voter.model.js:197:33)
    at exports.submitCorrection (C:\Users\Admin\Desktop\PayIndia_studio_App\Recharge_backend\src\controllers\voter.controller.js:312:47)
    at Layer.handleRequest (C:\Users\Admin\Desktop\PayIndia_studio_App\Recharge_backend\node_modules\router\lib\layer.js:152:17)
    at next (C:\Users\Admin\Desktop\PayIndia_studio_App\Recharge_backend\node_modules\router\lib\route.js:157:13)
    at done (C:\Users\Admin\Desktop\PayIndia_studio_App\Recharge_backend\node_modules\multer\lib\make-middleware.js:59:7)
    at indicateDone (C:\Users\Admin\Desktop\PayIndia_studio_App\Recharge_backend\node_modules\multer\lib\make-middleware.js:63:68)
    at C:\Users\Admin\Desktop\PayIndia_studio_App\Recharge_backend\node_modules\multer\lib\make-middleware.js:176:11
    at WriteStream.<anonymous> (C:\Users\Admin\Desktop\PayIndia_studio_App\Recharge_backend\node_modules\multer\storage\disk.js:43:9)
    at WriteStream.emit (node:events:520:35)
----------------------------------

[2026-03-23T04:48:20.367Z]
METHOD: POST
URL: /api/voter/correction/submit
MESSAGE: Unknown column 'corrected_name' in 'field list'
STACK: Error: Unknown column 'corrected_name' in 'field list'
    at PromisePool.query (C:\Users\Admin\Desktop\PayIndia_studio_App\Recharge_backend\node_modules\mysql2\lib\promise\pool.js:36:22)
    at exports.createCorrection (C:\Users\Admin\Desktop\PayIndia_studio_App\Recharge_backend\src\models\voter.model.js:197:33)
    at exports.submitCorrection (C:\Users\Admin\Desktop\PayIndia_studio_App\Recharge_backend\src\controllers\voter.controller.js:312:47)
    at Layer.handleRequest (C:\Users\Admin\Desktop\PayIndia_studio_App\Recharge_backend\node_modules\router\lib\layer.js:152:17)
    at next (C:\Users\Admin\Desktop\PayIndia_studio_App\Recharge_backend\node_modules\router\lib\route.js:157:13)
    at done (C:\Users\Admin\Desktop\PayIndia_studio_App\Recharge_backend\node_modules\multer\lib\make-middleware.js:59:7)
    at indicateDone (C:\Users\Admin\Desktop\PayIndia_studio_App\Recharge_backend\node_modules\multer\lib\make-middleware.js:63:68)
    at C:\Users\Admin\Desktop\PayIndia_studio_App\Recharge_backend\node_modules\multer\lib\make-middleware.js:176:11
    at WriteStream.<anonymous> (C:\Users\Admin\Desktop\PayIndia_studio_App\Recharge_backend\node_modules\multer\storage\disk.js:43:9)
    at WriteStream.emit (node:events:520:35)
----------------------------------

[2026-03-23T08:49:47.341Z]
METHOD: POST
URL: /api/certificate/caste/apply
MESSAGE: district is not defined
STACK: ReferenceError: district is not defined
    at exports.create (C:\Users\Admin\Desktop\PayIndia_studio_App\Recharge_backend\src\models\caste.model.js:51:97)
    at exports.createApplication (C:\Users\Admin\Desktop\PayIndia_studio_App\Recharge_backend\src\controllers\caste.controller.js:92:48)
    at Layer.handleRequest (C:\Users\Admin\Desktop\PayIndia_studio_App\Recharge_backend\node_modules\router\lib\layer.js:152:17)
    at next (C:\Users\Admin\Desktop\PayIndia_studio_App\Recharge_backend\node_modules\router\lib\route.js:157:13)
    at done (C:\Users\Admin\Desktop\PayIndia_studio_App\Recharge_backend\node_modules\multer\lib\make-middleware.js:59:7)
    at indicateDone (C:\Users\Admin\Desktop\PayIndia_studio_App\Recharge_backend\node_modules\multer\lib\make-middleware.js:63:68)
    at C:\Users\Admin\Desktop\PayIndia_studio_App\Recharge_backend\node_modules\multer\lib\make-middleware.js:176:11
    at WriteStream.<anonymous> (C:\Users\Admin\Desktop\PayIndia_studio_App\Recharge_backend\node_modules\multer\storage\disk.js:43:9)
    at WriteStream.emit (node:events:520:35)
    at finish (node:internal/streams/writable:953:10)
----------------------------------

[2026-03-23T08:50:11.345Z]
METHOD: POST
URL: /api/certificate/caste/apply
MESSAGE: district is not defined
STACK: ReferenceError: district is not defined
    at exports.create (C:\Users\Admin\Desktop\PayIndia_studio_App\Recharge_backend\src\models\caste.model.js:51:97)
    at exports.createApplication (C:\Users\Admin\Desktop\PayIndia_studio_App\Recharge_backend\src\controllers\caste.controller.js:92:48)
    at Layer.handleRequest (C:\Users\Admin\Desktop\PayIndia_studio_App\Recharge_backend\node_modules\router\lib\layer.js:152:17)
    at next (C:\Users\Admin\Desktop\PayIndia_studio_App\Recharge_backend\node_modules\router\lib\route.js:157:13)
    at done (C:\Users\Admin\Desktop\PayIndia_studio_App\Recharge_backend\node_modules\multer\lib\make-middleware.js:59:7)
    at indicateDone (C:\Users\Admin\Desktop\PayIndia_studio_App\Recharge_backend\node_modules\multer\lib\make-middleware.js:63:68)
    at C:\Users\Admin\Desktop\PayIndia_studio_App\Recharge_backend\node_modules\multer\lib\make-middleware.js:176:11
    at WriteStream.<anonymous> (C:\Users\Admin\Desktop\PayIndia_studio_App\Recharge_backend\node_modules\multer\storage\disk.js:43:9)
    at WriteStream.emit (node:events:520:35)
    at finish (node:internal/streams/writable:953:10)
----------------------------------

[2026-03-23T09:09:50.412Z]
METHOD: POST
URL: /api/certificate/domicile/send-otp
MESSAGE: Table 'payindia_studio.otp_verifications' doesn't exist
STACK: Error: Table 'payindia_studio.otp_verifications' doesn't exist
    at PromisePool.query (C:\Users\Admin\Desktop\PayIndia_studio_App\Recharge_backend\node_modules\mysql2\lib\promise\pool.js:36:22)
    at exports.storeOTP (C:\Users\Admin\Desktop\PayIndia_studio_App\Recharge_backend\src\models\domicile.model.js:105:16)
    at exports.sendOTP (C:\Users\Admin\Desktop\PayIndia_studio_App\Recharge_backend\src\controllers\domicile.controller.js:176:29)
    at Layer.handleRequest (C:\Users\Admin\Desktop\PayIndia_studio_App\Recharge_backend\node_modules\router\lib\layer.js:152:17)
    at next (C:\Users\Admin\Desktop\PayIndia_studio_App\Recharge_backend\node_modules\router\lib\route.js:157:13)
    at Route.dispatch (C:\Users\Admin\Desktop\PayIndia_studio_App\Recharge_backend\node_modules\router\lib\route.js:117:3)
    at handle (C:\Users\Admin\Desktop\PayIndia_studio_App\Recharge_backend\node_modules\router\index.js:435:11)
    at Layer.handleRequest (C:\Users\Admin\Desktop\PayIndia_studio_App\Recharge_backend\node_modules\router\lib\layer.js:152:17)
    at C:\Users\Admin\Desktop\PayIndia_studio_App\Recharge_backend\node_modules\router\index.js:295:15
    at processParams (C:\Users\Admin\Desktop\PayIndia_studio_App\Recharge_backend\node_modules\router\index.js:582:12)
----------------------------------

[2026-03-23T09:09:56.055Z]
METHOD: POST
URL: /api/certificate/domicile/send-otp
MESSAGE: Table 'payindia_studio.otp_verifications' doesn't exist
STACK: Error: Table 'payindia_studio.otp_verifications' doesn't exist
    at PromisePool.query (C:\Users\Admin\Desktop\PayIndia_studio_App\Recharge_backend\node_modules\mysql2\lib\promise\pool.js:36:22)
    at exports.storeOTP (C:\Users\Admin\Desktop\PayIndia_studio_App\Recharge_backend\src\models\domicile.model.js:105:16)
    at exports.sendOTP (C:\Users\Admin\Desktop\PayIndia_studio_App\Recharge_backend\src\controllers\domicile.controller.js:176:29)
    at Layer.handleRequest (C:\Users\Admin\Desktop\PayIndia_studio_App\Recharge_backend\node_modules\router\lib\layer.js:152:17)
    at next (C:\Users\Admin\Desktop\PayIndia_studio_App\Recharge_backend\node_modules\router\lib\route.js:157:13)
    at Route.dispatch (C:\Users\Admin\Desktop\PayIndia_studio_App\Recharge_backend\node_modules\router\lib\route.js:117:3)
    at handle (C:\Users\Admin\Desktop\PayIndia_studio_App\Recharge_backend\node_modules\router\index.js:435:11)
    at Layer.handleRequest (C:\Users\Admin\Desktop\PayIndia_studio_App\Recharge_backend\node_modules\router\lib\layer.js:152:17)
    at C:\Users\Admin\Desktop\PayIndia_studio_App\Recharge_backend\node_modules\router\index.js:295:15
    at processParams (C:\Users\Admin\Desktop\PayIndia_studio_App\Recharge_backend\node_modules\router\index.js:582:12)
----------------------------------

[2026-03-23T09:10:01.609Z]
METHOD: POST
URL: /api/certificate/domicile/send-otp
MESSAGE: Table 'payindia_studio.otp_verifications' doesn't exist
STACK: Error: Table 'payindia_studio.otp_verifications' doesn't exist
    at PromisePool.query (C:\Users\Admin\Desktop\PayIndia_studio_App\Recharge_backend\node_modules\mysql2\lib\promise\pool.js:36:22)
    at exports.storeOTP (C:\Users\Admin\Desktop\PayIndia_studio_App\Recharge_backend\src\models\domicile.model.js:105:16)
    at exports.sendOTP (C:\Users\Admin\Desktop\PayIndia_studio_App\Recharge_backend\src\controllers\domicile.controller.js:176:29)
    at Layer.handleRequest (C:\Users\Admin\Desktop\PayIndia_studio_App\Recharge_backend\node_modules\router\lib\layer.js:152:17)
    at next (C:\Users\Admin\Desktop\PayIndia_studio_App\Recharge_backend\node_modules\router\lib\route.js:157:13)
    at Route.dispatch (C:\Users\Admin\Desktop\PayIndia_studio_App\Recharge_backend\node_modules\router\lib\route.js:117:3)
    at handle (C:\Users\Admin\Desktop\PayIndia_studio_App\Recharge_backend\node_modules\router\index.js:435:11)
    at Layer.handleRequest (C:\Users\Admin\Desktop\PayIndia_studio_App\Recharge_backend\node_modules\router\lib\layer.js:152:17)
    at C:\Users\Admin\Desktop\PayIndia_studio_App\Recharge_backend\node_modules\router\index.js:295:15
    at processParams (C:\Users\Admin\Desktop\PayIndia_studio_App\Recharge_backend\node_modules\router\index.js:582:12)
----------------------------------

[2026-03-23T11:06:07.468Z]
METHOD: POST
URL: /api/aadhar/enroll
MESSAGE: Unknown column 'birth_certificate_url' in 'field list'
STACK: Error: Unknown column 'birth_certificate_url' in 'field list'
    at PromisePool.query (C:\Users\Admin\Desktop\PayIndia_studio_App\Recharge_backend\node_modules\mysql2\lib\promise\pool.js:36:22)
    at exports.create (C:\Users\Admin\Desktop\PayIndia_studio_App\Recharge_backend\src\models\aadhar.model.js:25:33)
    at exports.createEnrollment (C:\Users\Admin\Desktop\PayIndia_studio_App\Recharge_backend\src\controllers\aadhar.controller.js:16:48)
    at Layer.handleRequest (C:\Users\Admin\Desktop\PayIndia_studio_App\Recharge_backend\node_modules\router\lib\layer.js:152:17)
    at next (C:\Users\Admin\Desktop\PayIndia_studio_App\Recharge_backend\node_modules\router\lib\route.js:157:13)
    at done (C:\Users\Admin\Desktop\PayIndia_studio_App\Recharge_backend\node_modules\multer\lib\make-middleware.js:59:7)
    at indicateDone (C:\Users\Admin\Desktop\PayIndia_studio_App\Recharge_backend\node_modules\multer\lib\make-middleware.js:63:68)
    at C:\Users\Admin\Desktop\PayIndia_studio_App\Recharge_backend\node_modules\multer\lib\make-middleware.js:176:11
    at WriteStream.<anonymous> (C:\Users\Admin\Desktop\PayIndia_studio_App\Recharge_backend\node_modules\multer\storage\disk.js:43:9)
    at WriteStream.emit (node:events:520:35)
----------------------------------

[2026-03-23T11:06:11.303Z]
METHOD: POST
URL: /api/aadhar/enroll
MESSAGE: Unknown column 'birth_certificate_url' in 'field list'
STACK: Error: Unknown column 'birth_certificate_url' in 'field list'
    at PromisePool.query (C:\Users\Admin\Desktop\PayIndia_studio_App\Recharge_backend\node_modules\mysql2\lib\promise\pool.js:36:22)
    at exports.create (C:\Users\Admin\Desktop\PayIndia_studio_App\Recharge_backend\src\models\aadhar.model.js:25:33)
    at exports.createEnrollment (C:\Users\Admin\Desktop\PayIndia_studio_App\Recharge_backend\src\controllers\aadhar.controller.js:16:48)
    at Layer.handleRequest (C:\Users\Admin\Desktop\PayIndia_studio_App\Recharge_backend\node_modules\router\lib\layer.js:152:17)
    at next (C:\Users\Admin\Desktop\PayIndia_studio_App\Recharge_backend\node_modules\router\lib\route.js:157:13)
    at done (C:\Users\Admin\Desktop\PayIndia_studio_App\Recharge_backend\node_modules\multer\lib\make-middleware.js:59:7)
    at indicateDone (C:\Users\Admin\Desktop\PayIndia_studio_App\Recharge_backend\node_modules\multer\lib\make-middleware.js:63:68)
    at C:\Users\Admin\Desktop\PayIndia_studio_App\Recharge_backend\node_modules\multer\lib\make-middleware.js:176:11
    at WriteStream.<anonymous> (C:\Users\Admin\Desktop\PayIndia_studio_App\Recharge_backend\node_modules\multer\storage\disk.js:43:9)
    at WriteStream.emit (node:events:520:35)
----------------------------------

[2026-03-23T11:33:32.749Z]
METHOD: POST
URL: /api/aadhar/enroll
MESSAGE: Unknown column 'birth_certificate_url' in 'field list'
STACK: Error: Unknown column 'birth_certificate_url' in 'field list'
    at PromisePool.query (C:\Users\Admin\Desktop\PayIndia_studio_App\Recharge_backend\node_modules\mysql2\lib\promise\pool.js:36:22)
    at exports.create (C:\Users\Admin\Desktop\PayIndia_studio_App\Recharge_backend\src\models\aadhar.model.js:25:33)
    at exports.createEnrollment (C:\Users\Admin\Desktop\PayIndia_studio_App\Recharge_backend\src\controllers\aadhar.controller.js:16:48)
    at Layer.handleRequest (C:\Users\Admin\Desktop\PayIndia_studio_App\Recharge_backend\node_modules\router\lib\layer.js:152:17)
    at next (C:\Users\Admin\Desktop\PayIndia_studio_App\Recharge_backend\node_modules\router\lib\route.js:157:13)
    at done (C:\Users\Admin\Desktop\PayIndia_studio_App\Recharge_backend\node_modules\multer\lib\make-middleware.js:59:7)
    at indicateDone (C:\Users\Admin\Desktop\PayIndia_studio_App\Recharge_backend\node_modules\multer\lib\make-middleware.js:63:68)
    at C:\Users\Admin\Desktop\PayIndia_studio_App\Recharge_backend\node_modules\multer\lib\make-middleware.js:176:11
    at WriteStream.<anonymous> (C:\Users\Admin\Desktop\PayIndia_studio_App\Recharge_backend\node_modules\multer\storage\disk.js:43:9)
    at WriteStream.emit (node:events:520:35)
----------------------------------
